d:\_programming\c++\ray tracing\ray tracing\x64\release\vc143.pdb
d:\_programming\c++\ray tracing\ray tracing\x64\release\window.obj
d:\_programming\c++\ray tracing\ray tracing\x64\release\vertex.obj
d:\_programming\c++\ray tracing\ray tracing\x64\release\triangle.obj
d:\_programming\c++\ray tracing\ray tracing\x64\release\surface.obj
d:\_programming\c++\ray tracing\ray tracing\x64\release\sphere.obj
d:\_programming\c++\ray tracing\ray tracing\x64\release\ray.obj
d:\_programming\c++\ray tracing\ray tracing\x64\release\mainactivity.obj
d:\_programming\c++\ray tracing\ray tracing\x64\release\light.obj
d:\_programming\c++\ray tracing\ray tracing\x64\release\intersection.obj
d:\_programming\c++\ray tracing\ray tracing\x64\release\ray tracing.exe
d:\_programming\c++\ray tracing\ray tracing\x64\release\ray tracing.pdb
d:\_programming\c++\ray tracing\ray tracing\x64\release\ray tracing.ipdb
d:\_programming\c++\ray tracing\ray tracing\x64\release\ray tracing.iobj
d:\_programming\c++\ray tracing\ray tracing\x64\release\ray tracing.tlog\cl.command.1.tlog
d:\_programming\c++\ray tracing\ray tracing\x64\release\ray tracing.tlog\cl.read.1.tlog
d:\_programming\c++\ray tracing\ray tracing\x64\release\ray tracing.tlog\cl.write.1.tlog
d:\_programming\c++\ray tracing\ray tracing\x64\release\ray tracing.tlog\link.command.1.tlog
d:\_programming\c++\ray tracing\ray tracing\x64\release\ray tracing.tlog\link.read.1.tlog
d:\_programming\c++\ray tracing\ray tracing\x64\release\ray tracing.tlog\link.write.1.tlog
d:\_programming\c++\ray tracing\ray tracing\x64\release\ray tracing.tlog\ray tracing.write.1u.tlog
